<?xml version="1.0" encoding="UTF-8"?>
<coverage generated="1785674632377" clover="3.2.0">
  <project timestamp="1785674632377" name="All files">
    <metrics statements="154" coveredstatements="137" conditionals="58" coveredconditionals="43" methods="14" coveredmethods="11" elements="226" coveredelements="191" complexity="0" loc="154" ncloc="154" packages="4" files="6" classes="6"/>
    <package name="src">
      <metrics statements="25" coveredstatements="19" conditionals="11" coveredconditionals="10" methods="3" coveredmethods="1"/>
      <file name="config.ts" path="C:\Users\LENOVO\.antigravity-ide\Proveil\api\src\config.ts">
        <metrics statements="4" coveredstatements="4" conditionals="10" coveredconditionals="10" methods="0" coveredmethods="0"/>
        <line num="1" count="3" type="stmt"/>
        <line num="2" count="3" type="stmt"/>
        <line num="4" count="3" type="stmt"/>
        <line num="6" count="3" type="stmt"/>
      </file>
      <file name="index.ts" path="C:\Users\LENOVO\.antigravity-ide\Proveil\api\src\index.ts">
        <metrics statements="21" coveredstatements="15" conditionals="1" coveredconditionals="0" methods="3" coveredmethods="1"/>
        <line num="1" count="1" type="stmt"/>
        <line num="2" count="1" type="stmt"/>
        <line num="3" count="1" type="stmt"/>
        <line num="4" count="1" type="stmt"/>
        <line num="5" count="1" type="stmt"/>
        <line num="7" count="1" type="stmt"/>
        <line num="9" count="1" type="stmt"/>
        <line num="10" count="1" type="stmt"/>
        <line num="16" count="1" type="stmt"/>
        <line num="19" count="1" type="stmt"/>
        <line num="22" count="1" type="stmt"/>
        <line num="23" count="1" type="stmt"/>
        <line num="27" count="1" type="stmt"/>
        <line num="28" count="0" type="stmt"/>
        <line num="29" count="0" type="stmt"/>
        <line num="32" count="1" type="cond" truecount="0" falsecount="1"/>
        <line num="33" count="0" type="stmt"/>
        <line num="34" count="0" type="stmt"/>
        <line num="35" count="0" type="stmt"/>
        <line num="36" count="0" type="stmt"/>
        <line num="40" count="1" type="stmt"/>
      </file>
    </package>
    <package name="src.middleware">
      <metrics statements="19" coveredstatements="19" conditionals="9" coveredconditionals="9" methods="1" coveredmethods="1"/>
      <file name="validate.ts" path="C:\Users\LENOVO\.antigravity-ide\Proveil\api\src\middleware\validate.ts">
        <metrics statements="19" coveredstatements="19" conditionals="9" coveredconditionals="9" methods="1" coveredmethods="1"/>
        <line num="2" count="2" type="stmt"/>
        <line num="4" count="2" type="stmt"/>
        <line num="9" count="10" type="stmt"/>
        <line num="11" count="10" type="cond" truecount="1" falsecount="0"/>
        <line num="12" count="1" type="stmt"/>
        <line num="13" count="1" type="stmt"/>
        <line num="16" count="9" type="cond" truecount="1" falsecount="0"/>
        <line num="17" count="1" type="stmt"/>
        <line num="20" count="1" type="stmt"/>
        <line num="23" count="8" type="cond" truecount="1" falsecount="0"/>
        <line num="24" count="1" type="stmt"/>
        <line num="25" count="1" type="stmt"/>
        <line num="28" count="7" type="cond" truecount="3" falsecount="0"/>
        <line num="29" count="2" type="stmt"/>
        <line num="30" count="2" type="stmt"/>
        <line num="33" count="5" type="cond" truecount="3" falsecount="0"/>
        <line num="34" count="1" type="stmt"/>
        <line num="35" count="1" type="stmt"/>
        <line num="38" count="4" type="stmt"/>
      </file>
    </package>
    <package name="src.routes">
      <metrics statements="37" coveredstatements="34" conditionals="7" coveredconditionals="6" methods="4" coveredmethods="4"/>
      <file name="proof.routes.ts" path="C:\Users\LENOVO\.antigravity-ide\Proveil\api\src\routes\proof.routes.ts">
        <metrics statements="37" coveredstatements="34" conditionals="7" coveredconditionals="6" methods="4" coveredmethods="4"/>
        <line num="1" count="1" type="stmt"/>
        <line num="2" count="1" type="stmt"/>
        <line num="3" count="1" type="stmt"/>
        <line num="7" count="1" type="stmt"/>
        <line num="11" count="1" type="stmt"/>
        <line num="13" count="1" type="stmt"/>
        <line num="16" count="1" type="stmt"/>
        <line num="20" count="3" type="stmt"/>
        <line num="22" count="3" type="stmt"/>
        <line num="24" count="3" type="stmt"/>
        <line num="27" count="3" type="stmt"/>
        <line num="29" count="3" type="cond" truecount="1" falsecount="0"/>
        <line num="30" count="1" type="stmt"/>
        <line num="34" count="1" type="stmt"/>
        <line num="38" count="2" type="stmt"/>
        <line num="44" count="2" type="cond" truecount="1" falsecount="0"/>
        <line num="45" count="1" type="stmt"/>
        <line num="49" count="1" type="stmt"/>
        <line num="52" count="1" type="stmt"/>
        <line num="61" count="0" type="stmt"/>
        <line num="67" count="1" type="stmt"/>
        <line num="70" count="3" type="stmt"/>
        <line num="75" count="3" type="cond" truecount="1" falsecount="0"/>
        <line num="76" count="1" type="stmt"/>
        <line num="77" count="1" type="stmt"/>
        <line num="80" count="2" type="cond" truecount="3" falsecount="1"/>
        <line num="81" count="0" type="stmt"/>
        <line num="82" count="0" type="stmt"/>
        <line num="85" count="2" type="stmt"/>
        <line num="86" count="2" type="stmt"/>
        <line num="87" count="1" type="stmt"/>
        <line num="93" count="1" type="stmt"/>
        <line num="99" count="1" type="stmt"/>
        <line num="100" count="1" type="stmt"/>
        <line num="107" count="1" type="stmt"/>
        <line num="108" count="1" type="stmt"/>
        <line num="116" count="1" type="stmt"/>
      </file>
    </package>
    <package name="src.services">
      <metrics statements="73" coveredstatements="65" conditionals="31" coveredconditionals="18" methods="6" coveredmethods="5"/>
      <file name="proof.service.ts" path="C:\Users\LENOVO\.antigravity-ide\Proveil\api\src\services\proof.service.ts">
        <metrics statements="34" coveredstatements="30" conditionals="23" coveredconditionals="12" methods="2" coveredmethods="2"/>
        <line num="1" count="2" type="stmt"/>
        <line num="2" count="2" type="stmt"/>
        <line num="4" count="2" type="stmt"/>
        <line num="5" count="2" type="stmt"/>
        <line num="20" count="2" type="stmt"/>
        <line num="23" count="6" type="stmt"/>
        <line num="24" count="6" type="stmt"/>
        <line num="25" count="6" type="stmt"/>
        <line num="30" count="6" type="stmt"/>
        <line num="31" count="6" type="stmt"/>
        <line num="34" count="6" type="cond" truecount="1" falsecount="0"/>
        <line num="35" count="1" type="stmt"/>
        <line num="37" count="5" type="cond" truecount="1" falsecount="0"/>
        <line num="38" count="1" type="stmt"/>
        <line num="40" count="4" type="cond" truecount="1" falsecount="0"/>
        <line num="41" count="1" type="stmt"/>
        <line num="45" count="3" type="stmt"/>
        <line num="51" count="3" type="stmt"/>
        <line num="58" count="2" type="stmt"/>
        <line num="59" count="2" type="stmt"/>
        <line num="61" count="2" type="cond" truecount="1" falsecount="0"/>
        <line num="62" count="1" type="stmt"/>
        <line num="65" count="1" type="stmt"/>
        <line num="71" count="1" type="stmt"/>
        <line num="76" count="2" type="stmt"/>
        <line num="80" count="6" type="stmt"/>
        <line num="82" count="6" type="cond" truecount="3" falsecount="4"/>
        <line num="84" count="4" type="stmt"/>
        <line num="91" count="0" type="stmt"/>
        <line num="98" count="0" type="stmt"/>
        <line num="105" count="0" type="stmt"/>
        <line num="112" count="0" type="stmt"/>
        <line num="124" count="1" type="stmt"/>
        <line num="137" count="1" type="stmt"/>
      </file>
      <file name="stellar.service.ts" path="C:\Users\LENOVO\.antigravity-ide\Proveil\api\src\services\stellar.service.ts">
        <metrics statements="39" coveredstatements="35" conditionals="8" coveredconditionals="6" methods="4" coveredmethods="3"/>
        <line num="1" count="1" type="stmt"/>
        <line num="13" count="1" type="stmt"/>
        <line num="15" count="1" type="stmt"/>
        <line num="16" count="1" type="stmt"/>
        <line num="24" count="1" type="stmt"/>
        <line num="29" count="3" type="stmt"/>
        <line num="30" count="3" type="stmt"/>
        <line num="33" count="3" type="stmt"/>
        <line num="37" count="3" type="stmt"/>
        <line num="38" count="3" type="stmt"/>
        <line num="39" count="3" type="stmt"/>
        <line num="40" count="3" type="stmt"/>
        <line num="44" count="3" type="stmt"/>
        <line num="51" count="3" type="stmt"/>
        <line num="67" count="3" type="stmt"/>
        <line num="68" count="3" type="stmt"/>
        <line num="70" count="3" type="stmt"/>
        <line num="72" count="3" type="cond" truecount="1" falsecount="0"/>
        <line num="73" count="1" type="stmt"/>
        <line num="77" count="2" type="stmt"/>
        <line num="78" count="2" type="stmt"/>
        <line num="79" count="2" type="cond" truecount="1" falsecount="1"/>
        <line num="80" count="0" type="stmt"/>
        <line num="81" count="0" type="stmt"/>
        <line num="82" count="0" type="stmt"/>
        <line num="85" count="2" type="cond" truecount="2" falsecount="0"/>
        <line num="86" count="1" type="stmt"/>
        <line num="88" count="1" type="stmt"/>
        <line num="91" count="0" type="stmt"/>
        <line num="95" count="1" type="stmt"/>
        <line num="99" count="2" type="stmt"/>
        <line num="100" count="2" type="stmt"/>
        <line num="103" count="2" type="stmt"/>
        <line num="107" count="2" type="stmt"/>
        <line num="121" count="2" type="stmt"/>
        <line num="122" count="2" type="cond" truecount="1" falsecount="0"/>
        <line num="123" count="1" type="stmt"/>
        <line num="125" count="1" type="stmt"/>
        <line num="129" count="1" type="stmt"/>
      </file>
    </package>
  </project>
</coverage>
