{"C:\\Users\\LENOVO\\.antigravity-ide\\Proveil\\api\\src\\config.ts": {"path":"C:\\Users\\LENOVO\\.antigravity-ide\\Proveil\\api\\src\\config.ts","statementMap":{"0":{"start":{"line":1,"column":0},"end":{"line":1,"column":28}},"1":{"start":{"line":2,"column":0},"end":{"line":2,"column":24}},"2":{"start":{"line":4,"column":0},"end":{"line":4,"column":16}},"3":{"start":{"line":6,"column":13},"end":{"line":26,"column":2}}},"fnMap":{},"branchMap":{"0":{"loc":{"start":{"line":7,"column":17},"end":{"line":7,"column":43}},"type":"binary-expr","locations":[{"start":{"line":7,"column":17},"end":{"line":7,"column":33}},{"start":{"line":7,"column":37},"end":{"line":7,"column":43}}]},"1":{"loc":{"start":{"line":9,"column":13},"end":{"line":9,"column":53}},"type":"binary-expr","locations":[{"start":{"line":9,"column":13},"end":{"line":9,"column":40}},{"start":{"line":9,"column":44},"end":{"line":9,"column":53}}]},"2":{"loc":{"start":{"line":11,"column":6},"end":{"line":11,"column":74}},"type":"binary-expr","locations":[{"start":{"line":11,"column":6},"end":{"line":11,"column":33}},{"start":{"line":11,"column":37},"end":{"line":11,"column":74}}]},"3":{"loc":{"start":{"line":12,"column":16},"end":{"line":12,"column":45}},"type":"binary-expr","locations":[{"start":{"line":12,"column":16},"end":{"line":12,"column":39}},{"start":{"line":12,"column":43},"end":{"line":12,"column":45}}]},"4":{"loc":{"start":{"line":13,"column":23},"end":{"line":13,"column":60}},"type":"binary-expr","locations":[{"start":{"line":13,"column":23},"end":{"line":13,"column":54}},{"start":{"line":13,"column":58},"end":{"line":13,"column":60}}]}},"s":{"0":3,"1":3,"2":3,"3":3},"f":{},"b":{"0":[3,3],"1":[3,3],"2":[3,3],"3":[3,3],"4":[3,3]}}
,"C:\\Users\\LENOVO\\.antigravity-ide\\Proveil\\api\\src\\index.ts": {"path":"C:\\Users\\LENOVO\\.antigravity-ide\\Proveil\\api\\src\\index.ts","statementMap":{"0":{"start":{"line":1,"column":0},"end":{"line":1,"column":30}},"1":{"start":{"line":2,"column":0},"end":{"line":2,"column":24}},"2":{"start":{"line":3,"column":0},"end":{"line":3,"column":28}},"3":{"start":{"line":4,"column":0},"end":{"line":4,"column":34}},"4":{"start":{"line":5,"column":0},"end":{"line":5,"column":48}},"5":{"start":{"line":7,"column":12},"end":{"line":7,"column":21}},"6":{"start":{"line":9,"column":0},"end":{"line":9,"column":18}},"7":{"start":{"line":10,"column":0},"end":{"line":15,"column":2}},"8":{"start":{"line":16,"column":0},"end":{"line":16,"column":41}},"9":{"start":{"line":19,"column":0},"end":{"line":19,"column":29}},"10":{"start":{"line":22,"column":0},"end":{"line":24,"column":3}},"11":{"start":{"line":23,"column":2},"end":{"line":23,"column":47}},"12":{"start":{"line":27,"column":0},"end":{"line":30,"column":3}},"13":{"start":{"line":28,"column":2},"end":{"line":28,"column":21}},"14":{"start":{"line":29,"column":2},"end":{"line":29,"column":59}},"15":{"start":{"line":32,"column":0},"end":{"line":38,"column":1}},"16":{"start":{"line":33,"column":2},"end":{"line":37,"column":5}},"17":{"start":{"line":34,"column":4},"end":{"line":34,"column":62}},"18":{"start":{"line":35,"column":4},"end":{"line":35,"column":58}},"19":{"start":{"line":36,"column":4},"end":{"line":36,"column":54}},"20":{"start":{"line":40,"column":0},"end":{"line":40,"column":19}}},"fnMap":{"0":{"name":"(anonymous_1)","decl":{"start":{"line":22,"column":8},"end":{"line":22,"column":9}},"loc":{"start":{"line":22,"column":22},"end":{"line":24,"column":1}}},"1":{"name":"(anonymous_2)","decl":{"start":{"line":27,"column":8},"end":{"line":27,"column":9}},"loc":{"start":{"line":27,"column":54},"end":{"line":30,"column":1}}},"2":{"name":"(anonymous_3)","decl":{"start":{"line":33,"column":26},"end":{"line":33,"column":29}},"loc":{"start":{"line":33,"column":31},"end":{"line":37,"column":3}}}},"branchMap":{"0":{"loc":{"start":{"line":32,"column":0},"end":{"line":38,"column":1}},"type":"if","locations":[{"start":{"line":32,"column":0},"end":{"line":38,"column":1}}]}},"s":{"0":1,"1":1,"2":1,"3":1,"4":1,"5":1,"6":1,"7":1,"8":1,"9":1,"10":1,"11":1,"12":1,"13":0,"14":0,"15":1,"16":0,"17":0,"18":0,"19":0,"20":1},"f":{"0":1,"1":0,"2":0},"b":{"0":[0]}}
,"C:\\Users\\LENOVO\\.antigravity-ide\\Proveil\\api\\src\\middleware\\validate.ts": {"path":"C:\\Users\\LENOVO\\.antigravity-ide\\Proveil\\api\\src\\middleware\\validate.ts","statementMap":{"0":{"start":{"line":4,"column":0},"end":{"line":4,"column":16}},"1":{"start":{"line":2,"column":0},"end":{"line":2,"column":35}},"2":{"start":{"line":9,"column":45},"end":{"line":9,"column":53}},"3":{"start":{"line":11,"column":2},"end":{"line":14,"column":3}},"4":{"start":{"line":12,"column":4},"end":{"line":12,"column":61}},"5":{"start":{"line":13,"column":4},"end":{"line":13,"column":11}},"6":{"start":{"line":16,"column":2},"end":{"line":21,"column":3}},"7":{"start":{"line":17,"column":4},"end":{"line":19,"column":7}},"8":{"start":{"line":20,"column":4},"end":{"line":20,"column":11}},"9":{"start":{"line":23,"column":2},"end":{"line":26,"column":3}},"10":{"start":{"line":24,"column":4},"end":{"line":24,"column":65}},"11":{"start":{"line":25,"column":4},"end":{"line":25,"column":11}},"12":{"start":{"line":28,"column":2},"end":{"line":31,"column":3}},"13":{"start":{"line":29,"column":4},"end":{"line":29,"column":69}},"14":{"start":{"line":30,"column":4},"end":{"line":30,"column":11}},"15":{"start":{"line":33,"column":2},"end":{"line":36,"column":3}},"16":{"start":{"line":34,"column":4},"end":{"line":34,"column":63}},"17":{"start":{"line":35,"column":4},"end":{"line":35,"column":11}},"18":{"start":{"line":38,"column":2},"end":{"line":38,"column":9}}},"fnMap":{"0":{"name":"validateProofRequest","decl":{"start":{"line":4,"column":16},"end":{"line":4,"column":36}},"loc":{"start":{"line":7,"column":20},"end":{"line":39,"column":1}}}},"branchMap":{"0":{"loc":{"start":{"line":11,"column":2},"end":{"line":14,"column":3}},"type":"if","locations":[{"start":{"line":11,"column":2},"end":{"line":14,"column":3}}]},"1":{"loc":{"start":{"line":16,"column":2},"end":{"line":21,"column":3}},"type":"if","locations":[{"start":{"line":16,"column":2},"end":{"line":21,"column":3}}]},"2":{"loc":{"start":{"line":23,"column":2},"end":{"line":26,"column":3}},"type":"if","locations":[{"start":{"line":23,"column":2},"end":{"line":26,"column":3}}]},"3":{"loc":{"start":{"line":28,"column":2},"end":{"line":31,"column":3}},"type":"if","locations":[{"start":{"line":28,"column":2},"end":{"line":31,"column":3}}]},"4":{"loc":{"start":{"line":28,"column":6},"end":{"line":28,"column":67}},"type":"binary-expr","locations":[{"start":{"line":28,"column":6},"end":{"line":28,"column":36}},{"start":{"line":28,"column":40},"end":{"line":28,"column":67}}]},"5":{"loc":{"start":{"line":33,"column":2},"end":{"line":36,"column":3}},"type":"if","locations":[{"start":{"line":33,"column":2},"end":{"line":36,"column":3}}]},"6":{"loc":{"start":{"line":33,"column":6},"end":{"line":33,"column":39}},"type":"binary-expr","locations":[{"start":{"line":33,"column":6},"end":{"line":33,"column":11}},{"start":{"line":33,"column":15},"end":{"line":33,"column":39}}]}},"s":{"0":2,"1":2,"2":10,"3":10,"4":1,"5":1,"6":9,"7":1,"8":1,"9":8,"10":1,"11":1,"12":7,"13":2,"14":2,"15":5,"16":1,"17":1,"18":4},"f":{"0":10},"b":{"0":[1],"1":[1],"2":[1],"3":[2],"4":[7,5],"5":[1],"6":[5,5]}}
,"C:\\Users\\LENOVO\\.antigravity-ide\\Proveil\\api\\src\\routes\\proof.routes.ts": {"path":"C:\\Users\\LENOVO\\.antigravity-ide\\Proveil\\api\\src\\routes\\proof.routes.ts","statementMap":{"0":{"start":{"line":1,"column":0},"end":{"line":1,"column":52}},"1":{"start":{"line":2,"column":0},"end":{"line":2,"column":62}},"2":{"start":{"line":3,"column":0},"end":{"line":3,"column":null}},"3":{"start":{"line":7,"column":0},"end":{"line":7,"column":null}},"4":{"start":{"line":11,"column":0},"end":{"line":11,"column":46}},"5":{"start":{"line":13,"column":15},"end":{"line":13,"column":23}},"6":{"start":{"line":16,"column":0},"end":{"line":64,"column":2}},"7":{"start":{"line":20,"column":47},"end":{"line":20,"column":55}},"8":{"start":{"line":22,"column":4},"end":{"line":62,"column":5}},"9":{"start":{"line":24,"column":25},"end":{"line":24,"column":73}},"10":{"start":{"line":27,"column":26},"end":{"line":27,"column":66}},"11":{"start":{"line":29,"column":6},"end":{"line":35,"column":7}},"12":{"start":{"line":30,"column":8},"end":{"line":33,"column":11}},"13":{"start":{"line":34,"column":8},"end":{"line":34,"column":15}},"14":{"start":{"line":38,"column":27},"end":{"line":41,"column":null}},"15":{"start":{"line":44,"column":6},"end":{"line":50,"column":7}},"16":{"start":{"line":45,"column":8},"end":{"line":48,"column":11}},"17":{"start":{"line":49,"column":8},"end":{"line":49,"column":15}},"18":{"start":{"line":52,"column":6},"end":{"line":59,"column":9}},"19":{"start":{"line":61,"column":6},"end":{"line":61,"column":67}},"20":{"start":{"line":67,"column":0},"end":{"line":91,"column":2}},"21":{"start":{"line":70,"column":34},"end":{"line":70,"column":null}},"22":{"start":{"line":75,"column":4},"end":{"line":78,"column":5}},"23":{"start":{"line":76,"column":6},"end":{"line":76,"column":64}},"24":{"start":{"line":77,"column":6},"end":{"line":77,"column":13}},"25":{"start":{"line":80,"column":4},"end":{"line":89,"column":5}},"26":{"start":{"line":81,"column":25},"end":{"line":81,"column":74}},"27":{"start":{"line":82,"column":6},"end":{"line":86,"column":9}},"28":{"start":{"line":88,"column":6},"end":{"line":88,"column":51}},"29":{"start":{"line":94,"column":0},"end":{"line":99,"column":3}},"30":{"start":{"line":95,"column":2},"end":{"line":98,"column":5}},"31":{"start":{"line":102,"column":0},"end":{"line":109,"column":3}},"32":{"start":{"line":103,"column":2},"end":{"line":108,"column":5}},"33":{"start":{"line":111,"column":0},"end":{"line":111,"column":22}}},"fnMap":{"0":{"name":"(anonymous_0)","decl":{"start":{"line":19,"column":2},"end":{"line":19,"column":7}},"loc":{"start":{"line":19,"column":40},"end":{"line":63,"column":3}}},"1":{"name":"(anonymous_1)","decl":{"start":{"line":69,"column":2},"end":{"line":69,"column":7}},"loc":{"start":{"line":69,"column":40},"end":{"line":90,"column":3}}},"2":{"name":"(anonymous_2)","decl":{"start":{"line":94,"column":24},"end":{"line":94,"column":25}},"loc":{"start":{"line":94,"column":57},"end":{"line":99,"column":1}}},"3":{"name":"(anonymous_3)","decl":{"start":{"line":102,"column":22},"end":{"line":102,"column":23}},"loc":{"start":{"line":102,"column":55},"end":{"line":109,"column":1}}}},"branchMap":{"0":{"loc":{"start":{"line":29,"column":6},"end":{"line":35,"column":7}},"type":"if","locations":[{"start":{"line":29,"column":6},"end":{"line":35,"column":7}}]},"1":{"loc":{"start":{"line":44,"column":6},"end":{"line":50,"column":7}},"type":"if","locations":[{"start":{"line":44,"column":6},"end":{"line":50,"column":7}}]},"2":{"loc":{"start":{"line":75,"column":4},"end":{"line":78,"column":5}},"type":"if","locations":[{"start":{"line":75,"column":4},"end":{"line":78,"column":5}}]}},"s":{"0":1,"1":1,"2":1,"3":1,"4":1,"5":1,"6":1,"7":3,"8":3,"9":3,"10":3,"11":3,"12":1,"13":1,"14":2,"15":2,"16":1,"17":1,"18":1,"19":0,"20":1,"21":3,"22":3,"23":1,"24":1,"25":2,"26":2,"27":1,"28":1,"29":1,"30":1,"31":1,"32":1,"33":1},"f":{"0":3,"1":3,"2":1,"3":1},"b":{"0":[1],"1":[1],"2":[1]}}
,"C:\\Users\\LENOVO\\.antigravity-ide\\Proveil\\api\\src\\services\\proof.service.ts": {"path":"C:\\Users\\LENOVO\\.antigravity-ide\\Proveil\\api\\src\\services\\proof.service.ts","statementMap":{"0":{"start":{"line":20,"column":0},"end":{"line":20,"column":7}},"1":{"start":{"line":76,"column":0},"end":{"line":76,"column":16}},"2":{"start":{"line":1,"column":0},"end":{"line":1,"column":24}},"3":{"start":{"line":2,"column":0},"end":{"line":2,"column":20}},"4":{"start":{"line":4,"column":16},"end":{"line":4,"column":34}},"5":{"start":{"line":5,"column":0},"end":{"line":5,"column":46}},"6":{"start":{"line":23,"column":2},"end":{"line":72,"column":3}},"7":{"start":{"line":24,"column":23},"end":{"line":24,"column":76}},"8":{"start":{"line":25,"column":21},"end":{"line":28,"column":null}},"9":{"start":{"line":30,"column":21},"end":{"line":30,"column":75}},"10":{"start":{"line":31,"column":21},"end":{"line":31,"column":67}},"11":{"start":{"line":34,"column":4},"end":{"line":36,"column":5}},"12":{"start":{"line":35,"column":6},"end":{"line":35,"column":70}},"13":{"start":{"line":37,"column":4},"end":{"line":39,"column":5}},"14":{"start":{"line":38,"column":6},"end":{"line":38,"column":70}},"15":{"start":{"line":40,"column":4},"end":{"line":42,"column":5}},"16":{"start":{"line":41,"column":6},"end":{"line":41,"column":70}},"17":{"start":{"line":45,"column":26},"end":{"line":48,"column":6}},"18":{"start":{"line":51,"column":37},"end":{"line":54,"column":null}},"19":{"start":{"line":58,"column":17},"end":{"line":58,"column":63}},"20":{"start":{"line":59,"column":20},"end":{"line":59,"column":76}},"21":{"start":{"line":61,"column":4},"end":{"line":63,"column":5}},"22":{"start":{"line":62,"column":6},"end":{"line":62,"column":68}},"23":{"start":{"line":65,"column":4},"end":{"line":69,"column":6}},"24":{"start":{"line":71,"column":4},"end":{"line":71,"column":50}},"25":{"start":{"line":80,"column":14},"end":{"line":80,"column":43}},"26":{"start":{"line":82,"column":2},"end":{"line":138,"column":3}},"27":{"start":{"line":84,"column":6},"end":{"line":88,"column":8}},"28":{"start":{"line":91,"column":6},"end":{"line":95,"column":8}},"29":{"start":{"line":98,"column":6},"end":{"line":102,"column":8}},"30":{"start":{"line":105,"column":6},"end":{"line":109,"column":8}},"31":{"start":{"line":112,"column":6},"end":{"line":121,"column":8}},"32":{"start":{"line":124,"column":6},"end":{"line":134,"column":8}},"33":{"start":{"line":137,"column":6},"end":{"line":137,"column":62}}},"fnMap":{"0":{"name":"generateAndVerifyProof","decl":{"start":{"line":20,"column":22},"end":{"line":20,"column":44}},"loc":{"start":{"line":21,"column":19},"end":{"line":73,"column":1}}},"1":{"name":"buildCircuitInputs","decl":{"start":{"line":76,"column":16},"end":{"line":76,"column":34}},"loc":{"start":{"line":78,"column":27},"end":{"line":139,"column":1}}}},"branchMap":{"0":{"loc":{"start":{"line":34,"column":4},"end":{"line":36,"column":5}},"type":"if","locations":[{"start":{"line":34,"column":4},"end":{"line":36,"column":5}}]},"1":{"loc":{"start":{"line":37,"column":4},"end":{"line":39,"column":5}},"type":"if","locations":[{"start":{"line":37,"column":4},"end":{"line":39,"column":5}}]},"2":{"loc":{"start":{"line":40,"column":4},"end":{"line":42,"column":5}},"type":"if","locations":[{"start":{"line":40,"column":4},"end":{"line":42,"column":5}}]},"3":{"loc":{"start":{"line":61,"column":4},"end":{"line":63,"column":5}},"type":"if","locations":[{"start":{"line":61,"column":4},"end":{"line":63,"column":5}}]},"4":{"loc":{"start":{"line":82,"column":2},"end":{"line":138,"column":3}},"type":"switch","locations":[{"start":{"line":83,"column":4},"end":{"line":88,"column":8}},{"start":{"line":90,"column":4},"end":{"line":95,"column":8}},{"start":{"line":97,"column":4},"end":{"line":102,"column":8}},{"start":{"line":104,"column":4},"end":{"line":109,"column":8}},{"start":{"line":111,"column":4},"end":{"line":121,"column":8}},{"start":{"line":123,"column":4},"end":{"line":134,"column":8}},{"start":{"line":136,"column":4},"end":{"line":137,"column":62}}]},"5":{"loc":{"start":{"line":94,"column":42},"end":{"line":94,"column":71}},"type":"binary-expr","locations":[{"start":{"line":94,"column":42},"end":{"line":94,"column":56}},{"start":{"line":94,"column":60},"end":{"line":94,"column":71}}]},"6":{"loc":{"start":{"line":101,"column":45},"end":{"line":101,"column":71}},"type":"binary-expr","locations":[{"start":{"line":101,"column":45},"end":{"line":101,"column":62}},{"start":{"line":101,"column":66},"end":{"line":101,"column":71}}]},"7":{"loc":{"start":{"line":116,"column":23},"end":{"line":116,"column":68}},"type":"binary-expr","locations":[{"start":{"line":116,"column":23},"end":{"line":116,"column":32}},{"start":{"line":116,"column":36},"end":{"line":116,"column":68}}]},"8":{"loc":{"start":{"line":128,"column":20},"end":{"line":128,"column":56}},"type":"binary-expr","locations":[{"start":{"line":128,"column":20},"end":{"line":128,"column":33}},{"start":{"line":128,"column":37},"end":{"line":128,"column":56}}]},"9":{"loc":{"start":{"line":131,"column":29},"end":{"line":131,"column":51}},"type":"binary-expr","locations":[{"start":{"line":131,"column":29},"end":{"line":131,"column":44}},{"start":{"line":131,"column":48},"end":{"line":131,"column":51}}]},"10":{"loc":{"start":{"line":132,"column":29},"end":{"line":132,"column":51}},"type":"binary-expr","locations":[{"start":{"line":132,"column":29},"end":{"line":132,"column":44}},{"start":{"line":132,"column":48},"end":{"line":132,"column":51}}]}},"s":{"0":2,"1":2,"2":2,"3":2,"4":2,"5":2,"6":6,"7":6,"8":6,"9":6,"10":6,"11":6,"12":1,"13":5,"14":1,"15":4,"16":1,"17":3,"18":3,"19":2,"20":2,"21":2,"22":1,"23":1,"24":1,"25":6,"26":6,"27":4,"28":0,"29":0,"30":0,"31":0,"32":1,"33":1},"f":{"0":6,"1":6},"b":{"0":[1],"1":[1],"2":[1],"3":[1],"4":[4,0,0,0,0,1,1],"5":[0,0],"6":[0,0],"7":[0,0],"8":[1,0],"9":[1,1],"10":[1,1]}}
,"C:\\Users\\LENOVO\\.antigravity-ide\\Proveil\\api\\src\\services\\stellar.service.ts": {"path":"C:\\Users\\LENOVO\\.antigravity-ide\\Proveil\\api\\src\\services\\stellar.service.ts","statementMap":{"0":{"start":{"line":24,"column":0},"end":{"line":24,"column":7}},"1":{"start":{"line":95,"column":0},"end":{"line":95,"column":7}},"2":{"start":{"line":1,"column":0},"end":{"line":1,"column":null}},"3":{"start":{"line":13,"column":0},"end":{"line":13,"column":35}},"4":{"start":{"line":15,"column":15},"end":{"line":15,"column":52}},"5":{"start":{"line":16,"column":17},"end":{"line":16,"column":56}},"6":{"start":{"line":29,"column":2},"end":{"line":92,"column":3}},"7":{"start":{"line":30,"column":28},"end":{"line":31,"column":null}},"8":{"start":{"line":33,"column":28},"end":{"line":34,"column":null}},"9":{"start":{"line":37,"column":24},"end":{"line":37,"column":60}},"10":{"start":{"line":38,"column":27},"end":{"line":38,"column":71}},"11":{"start":{"line":39,"column":31},"end":{"line":40,"column":null}},"12":{"start":{"line":40,"column":31},"end":{"line":40,"column":67}},"13":{"start":{"line":44,"column":32},"end":{"line":49,"column":6}},"14":{"start":{"line":51,"column":15},"end":{"line":65,"column":14}},"15":{"start":{"line":67,"column":23},"end":{"line":67,"column":58}},"16":{"start":{"line":68,"column":4},"end":{"line":68,"column":37}},"17":{"start":{"line":70,"column":19},"end":{"line":70,"column":59}},"18":{"start":{"line":72,"column":4},"end":{"line":74,"column":5}},"19":{"start":{"line":73,"column":6},"end":{"line":73,"column":76}},"20":{"start":{"line":77,"column":20},"end":{"line":77,"column":60}},"21":{"start":{"line":78,"column":19},"end":{"line":78,"column":20}},"22":{"start":{"line":79,"column":4},"end":{"line":83,"column":5}},"23":{"start":{"line":80,"column":6},"end":{"line":80,"column":52}},"24":{"start":{"line":80,"column":31},"end":{"line":80,"column":50}},"25":{"start":{"line":81,"column":6},"end":{"line":81,"column":59}},"26":{"start":{"line":82,"column":6},"end":{"line":82,"column":17}},"27":{"start":{"line":85,"column":4},"end":{"line":89,"column":5}},"28":{"start":{"line":86,"column":6},"end":{"line":86,"column":52}},"29":{"start":{"line":88,"column":6},"end":{"line":88,"column":73}},"30":{"start":{"line":91,"column":4},"end":{"line":91,"column":50}},"31":{"start":{"line":99,"column":2},"end":{"line":128,"column":3}},"32":{"start":{"line":100,"column":28},"end":{"line":101,"column":null}},"33":{"start":{"line":103,"column":28},"end":{"line":104,"column":null}},"34":{"start":{"line":107,"column":15},"end":{"line":119,"column":14}},"35":{"start":{"line":121,"column":19},"end":{"line":121,"column":55}},"36":{"start":{"line":122,"column":4},"end":{"line":124,"column":5}},"37":{"start":{"line":123,"column":6},"end":{"line":123,"column":61}},"38":{"start":{"line":125,"column":4},"end":{"line":125,"column":17}},"39":{"start":{"line":127,"column":4},"end":{"line":127,"column":17}}},"fnMap":{"0":{"name":"attestProofOnChain","decl":{"start":{"line":24,"column":22},"end":{"line":24,"column":40}},"loc":{"start":{"line":27,"column":25},"end":{"line":93,"column":1}}},"1":{"name":"(anonymous_1)","decl":{"start":{"line":40,"column":24},"end":{"line":40,"column":25}},"loc":{"start":{"line":40,"column":31},"end":{"line":40,"column":67}}},"2":{"name":"(anonymous_2)","decl":{"start":{"line":80,"column":24},"end":{"line":80,"column":25}},"loc":{"start":{"line":80,"column":31},"end":{"line":80,"column":50}}},"3":{"name":"checkVerificationOnChain","decl":{"start":{"line":95,"column":22},"end":{"line":95,"column":46}},"loc":{"start":{"line":97,"column":19},"end":{"line":129,"column":1}}}},"branchMap":{"0":{"loc":{"start":{"line":72,"column":4},"end":{"line":74,"column":5}},"type":"if","locations":[{"start":{"line":72,"column":4},"end":{"line":74,"column":5}}]},"1":{"loc":{"start":{"line":79,"column":11},"end":{"line":79,"column":60}},"type":"binary-expr","locations":[{"start":{"line":79,"column":11},"end":{"line":79,"column":43}},{"start":{"line":79,"column":47},"end":{"line":79,"column":60}}]},"2":{"loc":{"start":{"line":85,"column":4},"end":{"line":89,"column":5}},"type":"if","locations":[{"start":{"line":85,"column":4},"end":{"line":89,"column":5}},{"start":{"line":87,"column":11},"end":{"line":89,"column":5}}]},"3":{"loc":{"start":{"line":122,"column":4},"end":{"line":124,"column":5}},"type":"if","locations":[{"start":{"line":122,"column":4},"end":{"line":124,"column":5}}]}},"s":{"0":1,"1":1,"2":1,"3":1,"4":1,"5":1,"6":3,"7":3,"8":3,"9":3,"10":3,"11":3,"12":3,"13":3,"14":3,"15":3,"16":3,"17":3,"18":3,"19":1,"20":2,"21":2,"22":2,"23":0,"24":0,"25":0,"26":0,"27":2,"28":1,"29":1,"30":0,"31":2,"32":2,"33":2,"34":2,"35":2,"36":2,"37":1,"38":1,"39":0},"f":{"0":3,"1":3,"2":0,"3":2},"b":{"0":[1],"1":[2,0],"2":[1,1],"3":[1]}}
}
