TN:
SF:src\config.ts
FNF:0
FNH:0
DA:1,3
DA:2,3
DA:4,3
DA:6,3
LF:4
LH:4
BRDA:7,0,0,3
BRDA:7,0,1,3
BRDA:9,1,0,3
BRDA:9,1,1,3
BRDA:11,2,0,3
BRDA:11,2,1,3
BRDA:12,3,0,3
BRDA:12,3,1,3
BRDA:13,4,0,3
BRDA:13,4,1,3
BRF:10
BRH:10
end_of_record
TN:
SF:src\index.ts
FN:22,(anonymous_1)
FN:27,(anonymous_2)
FN:33,(anonymous_3)
FNF:3
FNH:1
FNDA:1,(anonymous_1)
FNDA:0,(anonymous_2)
FNDA:0,(anonymous_3)
DA:1,1
DA:2,1
DA:3,1
DA:4,1
DA:5,1
DA:7,1
DA:9,1
DA:10,1
DA:16,1
DA:19,1
DA:22,1
DA:23,1
DA:27,1
DA:28,0
DA:29,0
DA:32,1
DA:33,0
DA:34,0
DA:35,0
DA:36,0
DA:40,1
LF:21
LH:15
BRDA:32,0,0,0
BRF:1
BRH:0
end_of_record
TN:
SF:src\middleware\validate.ts
FN:4,validateProofRequest
FNF:1
FNH:1
FNDA:10,validateProofRequest
DA:2,2
DA:4,2
DA:9,10
DA:11,10
DA:12,1
DA:13,1
DA:16,9
DA:17,1
DA:20,1
DA:23,8
DA:24,1
DA:25,1
DA:28,7
DA:29,2
DA:30,2
DA:33,5
DA:34,1
DA:35,1
DA:38,4
LF:19
LH:19
BRDA:11,0,0,1
BRDA:16,1,0,1
BRDA:23,2,0,1
BRDA:28,3,0,2
BRDA:28,4,0,7
BRDA:28,4,1,5
BRDA:33,5,0,1
BRDA:33,6,0,5
BRDA:33,6,1,5
BRF:9
BRH:9
end_of_record
TN:
SF:src\routes\proof.routes.ts
FN:19,(anonymous_0)
FN:69,(anonymous_1)
FN:94,(anonymous_2)
FN:102,(anonymous_3)
FNF:4
FNH:4
FNDA:3,(anonymous_0)
FNDA:3,(anonymous_1)
FNDA:1,(anonymous_2)
FNDA:1,(anonymous_3)
DA:1,1
DA:2,1
DA:3,1
DA:7,1
DA:11,1
DA:13,1
DA:16,1
DA:20,3
DA:22,3
DA:24,3
DA:27,3
DA:29,3
DA:30,1
DA:34,1
DA:38,2
DA:44,2
DA:45,1
DA:49,1
DA:52,1
DA:61,0
DA:67,1
DA:70,3
DA:75,3
DA:76,1
DA:77,1
DA:80,2
DA:81,2
DA:82,1
DA:88,1
DA:94,1
DA:95,1
DA:102,1
DA:103,1
DA:111,1
LF:34
LH:33
BRDA:29,0,0,1
BRDA:44,1,0,1
BRDA:75,2,0,1
BRF:3
BRH:3
end_of_record
TN:
SF:src\services\proof.service.ts
FN:20,generateAndVerifyProof
FN:76,buildCircuitInputs
FNF:2
FNH:2
FNDA:6,generateAndVerifyProof
FNDA:6,buildCircuitInputs
DA:1,2
DA:2,2
DA:4,2
DA:5,2
DA:20,2
DA:23,6
DA:24,6
DA:25,6
DA:30,6
DA:31,6
DA:34,6
DA:35,1
DA:37,5
DA:38,1
DA:40,4
DA:41,1
DA:45,3
DA:51,3
DA:58,2
DA:59,2
DA:61,2
DA:62,1
DA:65,1
DA:71,1
DA:76,2
DA:80,6
DA:82,6
DA:84,4
DA:91,0
DA:98,0
DA:105,0
DA:112,0
DA:124,1
DA:137,1
LF:34
LH:30
BRDA:34,0,0,1
BRDA:37,1,0,1
BRDA:40,2,0,1
BRDA:61,3,0,1
BRDA:82,4,0,4
BRDA:82,4,1,0
BRDA:82,4,2,0
BRDA:82,4,3,0
BRDA:82,4,4,0
BRDA:82,4,5,1
BRDA:82,4,6,1
BRDA:94,5,0,0
BRDA:94,5,1,0
BRDA:101,6,0,0
BRDA:101,6,1,0
BRDA:116,7,0,0
BRDA:116,7,1,0
BRDA:128,8,0,1
BRDA:128,8,1,0
BRDA:131,9,0,1
BRDA:131,9,1,1
BRDA:132,10,0,1
BRDA:132,10,1,1
BRF:23
BRH:12
end_of_record
TN:
SF:src\services\stellar.service.ts
FN:24,attestProofOnChain
FN:40,(anonymous_1)
FN:80,(anonymous_2)
FN:95,checkVerificationOnChain
FNF:4
FNH:3
FNDA:3,attestProofOnChain
FNDA:3,(anonymous_1)
FNDA:0,(anonymous_2)
FNDA:2,checkVerificationOnChain
DA:1,1
DA:13,1
DA:15,1
DA:16,1
DA:24,1
DA:29,3
DA:30,3
DA:33,3
DA:37,3
DA:38,3
DA:39,3
DA:40,3
DA:44,3
DA:51,3
DA:67,3
DA:68,3
DA:70,3
DA:72,3
DA:73,1
DA:77,2
DA:78,2
DA:79,2
DA:80,0
DA:81,0
DA:82,0
DA:85,2
DA:86,1
DA:88,1
DA:91,0
DA:95,1
DA:99,2
DA:100,2
DA:103,2
DA:107,2
DA:121,2
DA:122,2
DA:123,1
DA:125,1
DA:127,0
LF:39
LH:34
BRDA:72,0,0,1
BRDA:79,1,0,2
BRDA:79,1,1,0
BRDA:85,2,0,1
BRDA:85,2,1,1
BRDA:122,3,0,1
BRF:6
BRH:5
end_of_record
